<?xml version="1.0" encoding="UTF-8"?>
<!-- Generated by org.testng.reporters.JUnitReportReporter -->
<testsuite hostname="Administer" name="Script.login_script" tests="1" failures="0" timestamp="29 Oct 2019 03:09:34 GMT" time="40.017" errors="0">
  <testcase name="login_script" time="40.017" classname="Script.login_script"/>
</testsuite> <!-- Script.login_script -->
